24-04-29 18:03:49.829 [restartedMain] INFO  c.demo.journalapp.JournalApplication - Starting JournalApplication using Java 21.0.2 with PID 21464 (C:\My Files\Study\eclipse-workspace\Journal App\target\classes started by anadi in C:\My Files\Study\eclipse-workspace\Journal App) 
24-04-29 18:03:49.837 [restartedMain] INFO  c.demo.journalapp.JournalApplication - No active profile set, falling back to 1 default profile: "default" 
24-04-29 18:03:49.898 [restartedMain] INFO  o.s.b.d.e.DevToolsPropertyDefaultsPostProcessor - Devtools property defaults active! Set 'spring.devtools.add-properties' to 'false' to disable 
24-04-29 18:03:49.900 [restartedMain] INFO  o.s.b.d.e.DevToolsPropertyDefaultsPostProcessor - For additional web related logging consider setting the 'logging.level.web' property to 'DEBUG' 
24-04-29 18:03:50.410 [restartedMain] INFO  o.s.d.r.c.RepositoryConfigurationDelegate - Bootstrapping Spring Data MongoDB repositories in DEFAULT mode. 
24-04-29 18:03:50.452 [restartedMain] INFO  o.s.d.r.c.RepositoryConfigurationDelegate - Finished Spring Data repository scanning in 39 ms. Found 2 MongoDB repository interfaces. 
24-04-29 18:03:50.849 [restartedMain] INFO  o.s.b.w.e.tomcat.TomcatWebServer - Tomcat initialized with port 8080 (http) 
24-04-29 18:03:50.857 [restartedMain] INFO  o.a.coyote.http11.Http11NioProtocol - Initializing ProtocolHandler ["http-nio-8080"] 
24-04-29 18:03:50.858 [restartedMain] INFO  o.a.catalina.core.StandardService - Starting service [Tomcat] 
24-04-29 18:03:50.858 [restartedMain] INFO  o.a.catalina.core.StandardEngine - Starting Servlet engine: [Apache Tomcat/10.1.20] 
24-04-29 18:03:50.901 [restartedMain] INFO  o.a.c.c.C.[Tomcat].[localhost].[/] - Initializing Spring embedded WebApplicationContext 
24-04-29 18:03:50.902 [restartedMain] INFO  o.s.b.w.s.c.ServletWebServerApplicationContext - Root WebApplicationContext: initialization completed in 1001 ms 
24-04-29 18:03:51.140 [restartedMain] INFO  org.mongodb.driver.client - MongoClient with metadata {"application": {"name": "Cluster0"}, "driver": {"name": "mongo-java-driver|sync|spring-boot", "version": "4.11.2"}, "os": {"type": "Windows", "name": "Windows 11", "architecture": "amd64", "version": "10.0"}, "platform": "Java/Oracle Corporation/21.0.2+13-LTS-58"} created with settings MongoClientSettings{readPreference=primary, writeConcern=WriteConcern{w=majority, wTimeout=null ms, journal=null}, retryWrites=true, retryReads=true, readConcern=ReadConcern{level=null}, credential=MongoCredential{mechanism=null, userName='anadimishra234', source='admin', password=<hidden>, mechanismProperties=<hidden>}, transportSettings=null, streamFactoryFactory=null, commandListeners=[], codecRegistry=ProvidersCodecRegistry{codecProviders=[ValueCodecProvider{}, BsonValueCodecProvider{}, DBRefCodecProvider{}, DBObjectCodecProvider{}, DocumentCodecProvider{}, CollectionCodecProvider{}, IterableCodecProvider{}, MapCodecProvider{}, GeoJsonCodecProvider{}, GridFSFileCodecProvider{}, Jsr310CodecProvider{}, JsonObjectCodecProvider{}, BsonCodecProvider{}, EnumCodecProvider{}, com.mongodb.client.model.mql.ExpressionCodecProvider@7576aade, com.mongodb.Jep395RecordCodecProvider@2e44b39b, com.mongodb.KotlinCodecProvider@5689779a]}, loggerSettings=LoggerSettings{maxDocumentLength=1000}, clusterSettings={hosts=[127.0.0.1:27017], srvHost=cluster0.mf1onpl.mongodb.net, srvServiceName=mongodb, mode=MULTIPLE, requiredClusterType=REPLICA_SET, requiredReplicaSetName='atlas-2dzxpj-shard-0', serverSelector='null', clusterListeners='[]', serverSelectionTimeout='30000 ms', localThreshold='15 ms'}, socketSettings=SocketSettings{connectTimeoutMS=10000, readTimeoutMS=0, receiveBufferSize=0, proxySettings=ProxySettings{host=null, port=null, username=null, password=null}}, heartbeatSocketSettings=SocketSettings{connectTimeoutMS=10000, readTimeoutMS=10000, receiveBufferSize=0, proxySettings=ProxySettings{host=null, port=null, username=null, password=null}}, connectionPoolSettings=ConnectionPoolSettings{maxSize=100, minSize=0, maxWaitTimeMS=120000, maxConnectionLifeTimeMS=0, maxConnectionIdleTimeMS=0, maintenanceInitialDelayMS=0, maintenanceFrequencyMS=60000, connectionPoolListeners=[], maxConnecting=2}, serverSettings=ServerSettings{heartbeatFrequencyMS=10000, minHeartbeatFrequencyMS=500, serverListeners='[]', serverMonitorListeners='[]'}, sslSettings=SslSettings{enabled=true, invalidHostNameAllowed=false, context=null}, applicationName='Cluster0', compressorList=[], uuidRepresentation=JAVA_LEGACY, serverApi=null, autoEncryptionSettings=null, dnsClient=null, inetAddressResolver=null, contextProvider=null} 
24-04-29 18:03:51.194 [cluster-ClusterId{value='662f93af1a69d740d7f3b3bf', description='Cluster0'}-srv-cluster0.mf1onpl.mongodb.net] INFO  org.mongodb.driver.cluster - Adding discovered server ac-bowbcu3-shard-00-02.mf1onpl.mongodb.net:27017 to client view of cluster 
24-04-29 18:03:51.219 [cluster-ClusterId{value='662f93af1a69d740d7f3b3bf', description='Cluster0'}-srv-cluster0.mf1onpl.mongodb.net] INFO  org.mongodb.driver.cluster - Adding discovered server ac-bowbcu3-shard-00-00.mf1onpl.mongodb.net:27017 to client view of cluster 
24-04-29 18:03:51.222 [cluster-ClusterId{value='662f93af1a69d740d7f3b3bf', description='Cluster0'}-srv-cluster0.mf1onpl.mongodb.net] INFO  org.mongodb.driver.cluster - Adding discovered server ac-bowbcu3-shard-00-01.mf1onpl.mongodb.net:27017 to client view of cluster 
24-04-29 18:03:51.361 [restartedMain] INFO  o.s.b.d.a.OptionalLiveReloadServer - LiveReload server is running on port 35729 
24-04-29 18:03:51.714 [cluster-ClusterId{value='662f93af1a69d740d7f3b3bf', description='Cluster0'}-ac-bowbcu3-shard-00-01.mf1onpl.mongodb.net:27017] INFO  org.mongodb.driver.cluster - Monitor thread successfully connected to server with description ServerDescription{address=ac-bowbcu3-shard-00-01.mf1onpl.mongodb.net:27017, type=REPLICA_SET_PRIMARY, state=CONNECTED, ok=true, minWireVersion=0, maxWireVersion=21, maxDocumentSize=16777216, logicalSessionTimeoutMinutes=30, roundTripTimeNanos=260103000, setName='atlas-2dzxpj-shard-0', canonicalAddress=ac-bowbcu3-shard-00-01.mf1onpl.mongodb.net:27017, hosts=[ac-bowbcu3-shard-00-00.mf1onpl.mongodb.net:27017, ac-bowbcu3-shard-00-01.mf1onpl.mongodb.net:27017, ac-bowbcu3-shard-00-02.mf1onpl.mongodb.net:27017], passives=[], arbiters=[], primary='ac-bowbcu3-shard-00-01.mf1onpl.mongodb.net:27017', tagSet=TagSet{[Tag{name='availabilityZone', value='aps1-az3'}, Tag{name='diskState', value='READY'}, Tag{name='nodeType', value='ELECTABLE'}, Tag{name='provider', value='AWS'}, Tag{name='region', value='AP_SOUTH_1'}, Tag{name='workloadType', value='OPERATIONAL'}]}, electionId=7fffffff0000000000000008, setVersion=7, topologyVersion=TopologyVersion{processId=662b79babcb34a024bc5cc90, counter=12}, lastWriteDate=Mon Apr 29 18:03:51 IST 2024, lastUpdateTimeNanos=79780634143100} 
24-04-29 18:03:51.714 [cluster-ClusterId{value='662f93af1a69d740d7f3b3bf', description='Cluster0'}-ac-bowbcu3-shard-00-00.mf1onpl.mongodb.net:27017] INFO  org.mongodb.driver.cluster - Monitor thread successfully connected to server with description ServerDescription{address=ac-bowbcu3-shard-00-00.mf1onpl.mongodb.net:27017, type=REPLICA_SET_SECONDARY, state=CONNECTED, ok=true, minWireVersion=0, maxWireVersion=21, maxDocumentSize=16777216, logicalSessionTimeoutMinutes=30, roundTripTimeNanos=258716800, setName='atlas-2dzxpj-shard-0', canonicalAddress=ac-bowbcu3-shard-00-00.mf1onpl.mongodb.net:27017, hosts=[ac-bowbcu3-shard-00-00.mf1onpl.mongodb.net:27017, ac-bowbcu3-shard-00-01.mf1onpl.mongodb.net:27017, ac-bowbcu3-shard-00-02.mf1onpl.mongodb.net:27017], passives=[], arbiters=[], primary='ac-bowbcu3-shard-00-01.mf1onpl.mongodb.net:27017', tagSet=TagSet{[Tag{name='availabilityZone', value='aps1-az1'}, Tag{name='diskState', value='READY'}, Tag{name='nodeType', value='ELECTABLE'}, Tag{name='provider', value='AWS'}, Tag{name='region', value='AP_SOUTH_1'}, Tag{name='workloadType', value='OPERATIONAL'}]}, electionId=null, setVersion=7, topologyVersion=TopologyVersion{processId=662b814f7582bf18b82a391d, counter=4}, lastWriteDate=Mon Apr 29 18:03:51 IST 2024, lastUpdateTimeNanos=79780634143100} 
24-04-29 18:03:51.714 [cluster-ClusterId{value='662f93af1a69d740d7f3b3bf', description='Cluster0'}-ac-bowbcu3-shard-00-02.mf1onpl.mongodb.net:27017] INFO  org.mongodb.driver.cluster - Monitor thread successfully connected to server with description ServerDescription{address=ac-bowbcu3-shard-00-02.mf1onpl.mongodb.net:27017, type=REPLICA_SET_SECONDARY, state=CONNECTED, ok=true, minWireVersion=0, maxWireVersion=21, maxDocumentSize=16777216, logicalSessionTimeoutMinutes=30, roundTripTimeNanos=239637100, setName='atlas-2dzxpj-shard-0', canonicalAddress=ac-bowbcu3-shard-00-02.mf1onpl.mongodb.net:27017, hosts=[ac-bowbcu3-shard-00-00.mf1onpl.mongodb.net:27017, ac-bowbcu3-shard-00-01.mf1onpl.mongodb.net:27017, ac-bowbcu3-shard-00-02.mf1onpl.mongodb.net:27017], passives=[], arbiters=[], primary='ac-bowbcu3-shard-00-01.mf1onpl.mongodb.net:27017', tagSet=TagSet{[Tag{name='availabilityZone', value='aps1-az2'}, Tag{name='diskState', value='READY'}, Tag{name='nodeType', value='ELECTABLE'}, Tag{name='provider', value='AWS'}, Tag{name='region', value='AP_SOUTH_1'}, Tag{name='workloadType', value='OPERATIONAL'}]}, electionId=null, setVersion=7, topologyVersion=TopologyVersion{processId=662b899e02ca32043f62ceeb, counter=3}, lastWriteDate=Mon Apr 29 18:03:51 IST 2024, lastUpdateTimeNanos=79780634144300} 
24-04-29 18:03:51.716 [cluster-ClusterId{value='662f93af1a69d740d7f3b3bf', description='Cluster0'}-ac-bowbcu3-shard-00-01.mf1onpl.mongodb.net:27017] INFO  org.mongodb.driver.cluster - Discovered replica set primary ac-bowbcu3-shard-00-01.mf1onpl.mongodb.net:27017 with max election id 7fffffff0000000000000008 and max set version 7 
24-04-29 18:03:51.828 [restartedMain] INFO  o.s.s.web.DefaultSecurityFilterChain - Will secure any request with [org.springframework.security.web.session.DisableEncodeUrlFilter@2b2ace12, org.springframework.security.web.context.request.async.WebAsyncManagerIntegrationFilter@5bd25929, org.springframework.security.web.context.SecurityContextHolderFilter@d90054e, org.springframework.security.web.header.HeaderWriterFilter@540023dc, org.springframework.web.filter.CorsFilter@53d09856, org.springframework.security.web.authentication.logout.LogoutFilter@6b4895b6, org.springframework.security.web.authentication.www.BasicAuthenticationFilter@215a3a44, org.springframework.security.web.savedrequest.RequestCacheAwareFilter@67c82c8a, org.springframework.security.web.servletapi.SecurityContextHolderAwareRequestFilter@28db583, org.springframework.security.web.authentication.AnonymousAuthenticationFilter@4f837432, org.springframework.security.web.session.SessionManagementFilter@738f8bc9, org.springframework.security.web.access.ExceptionTranslationFilter@55ca8e7c, org.springframework.security.web.access.intercept.AuthorizationFilter@889ed02] 
24-04-29 18:03:52.014 [restartedMain] INFO  o.a.coyote.http11.Http11NioProtocol - Starting ProtocolHandler ["http-nio-8080"] 
24-04-29 18:03:52.022 [restartedMain] INFO  o.s.b.w.e.tomcat.TomcatWebServer - Tomcat started on port 8080 (http) with context path '' 
24-04-29 18:03:52.031 [restartedMain] INFO  c.demo.journalapp.JournalApplication - Started JournalApplication in 2.529 seconds (process running for 3.238) 
24-04-29 18:03:55.326 [scheduling-1] ERROR c.d.journalapp.service.EmailService - Exception while sending email 
org.springframework.mail.MailSendException: Failed messages: org.eclipse.angus.mail.smtp.SMTPSendFailedException: 530-5.7.0 Must issue a STARTTLS command first. For more information, go to
530-5.7.0  https://support.google.com/a/answer/3221692 and review RFC 3207
530 5.7.0 specifications. q6-20020a170902dac600b001eb03a2bb0asm5981164plx.53 - gsmtp

	at org.springframework.mail.javamail.JavaMailSenderImpl.doSend(JavaMailSenderImpl.java:453)
	at org.springframework.mail.javamail.JavaMailSenderImpl.send(JavaMailSenderImpl.java:317)
	at org.springframework.mail.MailSender.send(MailSender.java:42)
	at com.demo.journalapp.service.EmailService.sendEmail(EmailService.java:25)
	at com.demo.journalapp.scheduler.MailSchedulerForGreeting.sendMailToUser(MailSchedulerForGreeting.java:26)
	at java.base/jdk.internal.reflect.DirectMethodHandleAccessor.invoke(DirectMethodHandleAccessor.java:103)
	at java.base/java.lang.reflect.Method.invoke(Method.java:580)
	at org.springframework.scheduling.support.ScheduledMethodRunnable.runInternal(ScheduledMethodRunnable.java:130)
	at org.springframework.scheduling.support.ScheduledMethodRunnable.lambda$run$2(ScheduledMethodRunnable.java:124)
	at io.micrometer.observation.Observation.observe(Observation.java:499)
	at org.springframework.scheduling.support.ScheduledMethodRunnable.run(ScheduledMethodRunnable.java:124)
	at org.springframework.scheduling.support.DelegatingErrorHandlingRunnable.run(DelegatingErrorHandlingRunnable.java:54)
	at org.springframework.scheduling.concurrent.ReschedulingRunnable.run(ReschedulingRunnable.java:96)
	at java.base/java.util.concurrent.Executors$RunnableAdapter.call(Executors.java:572)
	at java.base/java.util.concurrent.FutureTask.run(FutureTask.java:317)
	at java.base/java.util.concurrent.ScheduledThreadPoolExecutor$ScheduledFutureTask.run(ScheduledThreadPoolExecutor.java:304)
	at java.base/java.util.concurrent.ThreadPoolExecutor.runWorker(ThreadPoolExecutor.java:1144)
	at java.base/java.util.concurrent.ThreadPoolExecutor$Worker.run(ThreadPoolExecutor.java:642)
	at java.base/java.lang.Thread.run(Thread.java:1583)
24-04-29 18:03:57.981 [scheduling-1] ERROR c.d.journalapp.service.EmailService - Exception while sending email 
org.springframework.mail.MailSendException: Failed messages: org.eclipse.angus.mail.smtp.SMTPSendFailedException: 530-5.7.0 Must issue a STARTTLS command first. For more information, go to
530-5.7.0  https://support.google.com/a/answer/3221692 and review RFC 3207
530 5.7.0 specifications. w11-20020a1709027b8b00b001e4458831f7sm20163358pll.77 - gsmtp

	at org.springframework.mail.javamail.JavaMailSenderImpl.doSend(JavaMailSenderImpl.java:453)
	at org.springframework.mail.javamail.JavaMailSenderImpl.send(JavaMailSenderImpl.java:317)
	at org.springframework.mail.MailSender.send(MailSender.java:42)
	at com.demo.journalapp.service.EmailService.sendEmail(EmailService.java:25)
	at com.demo.journalapp.scheduler.MailSchedulerForGreeting.sendMailToUser(MailSchedulerForGreeting.java:26)
	at java.base/jdk.internal.reflect.DirectMethodHandleAccessor.invoke(DirectMethodHandleAccessor.java:103)
	at java.base/java.lang.reflect.Method.invoke(Method.java:580)
	at org.springframework.scheduling.support.ScheduledMethodRunnable.runInternal(ScheduledMethodRunnable.java:130)
	at org.springframework.scheduling.support.ScheduledMethodRunnable.lambda$run$2(ScheduledMethodRunnable.java:124)
	at io.micrometer.observation.Observation.observe(Observation.java:499)
	at org.springframework.scheduling.support.ScheduledMethodRunnable.run(ScheduledMethodRunnable.java:124)
	at org.springframework.scheduling.support.DelegatingErrorHandlingRunnable.run(DelegatingErrorHandlingRunnable.java:54)
	at org.springframework.scheduling.concurrent.ReschedulingRunnable.run(ReschedulingRunnable.java:96)
	at java.base/java.util.concurrent.Executors$RunnableAdapter.call(Executors.java:572)
	at java.base/java.util.concurrent.FutureTask.run(FutureTask.java:317)
	at java.base/java.util.concurrent.ScheduledThreadPoolExecutor$ScheduledFutureTask.run(ScheduledThreadPoolExecutor.java:304)
	at java.base/java.util.concurrent.ThreadPoolExecutor.runWorker(ThreadPoolExecutor.java:1144)
	at java.base/java.util.concurrent.ThreadPoolExecutor$Worker.run(ThreadPoolExecutor.java:642)
	at java.base/java.lang.Thread.run(Thread.java:1583)
