24-04-29 18:06:26.902 [restartedMain] INFO  c.demo.journalapp.JournalApplication - Starting JournalApplication using Java 21.0.2 with PID 24040 (C:\My Files\Study\eclipse-workspace\Journal App\target\classes started by anadi in C:\My Files\Study\eclipse-workspace\Journal App) 
24-04-29 18:06:26.907 [restartedMain] INFO  c.demo.journalapp.JournalApplication - No active profile set, falling back to 1 default profile: "default" 
24-04-29 18:06:26.955 [restartedMain] INFO  o.s.b.d.e.DevToolsPropertyDefaultsPostProcessor - Devtools property defaults active! Set 'spring.devtools.add-properties' to 'false' to disable 
24-04-29 18:06:26.958 [restartedMain] INFO  o.s.b.d.e.DevToolsPropertyDefaultsPostProcessor - For additional web related logging consider setting the 'logging.level.web' property to 'DEBUG' 
24-04-29 18:06:27.498 [restartedMain] INFO  o.s.d.r.c.RepositoryConfigurationDelegate - Bootstrapping Spring Data MongoDB repositories in DEFAULT mode. 
24-04-29 18:06:27.541 [restartedMain] INFO  o.s.d.r.c.RepositoryConfigurationDelegate - Finished Spring Data repository scanning in 39 ms. Found 2 MongoDB repository interfaces. 
24-04-29 18:06:27.917 [restartedMain] INFO  o.s.b.w.e.tomcat.TomcatWebServer - Tomcat initialized with port 8080 (http) 
24-04-29 18:06:27.926 [restartedMain] INFO  o.a.coyote.http11.Http11NioProtocol - Initializing ProtocolHandler ["http-nio-8080"] 
24-04-29 18:06:27.927 [restartedMain] INFO  o.a.catalina.core.StandardService - Starting service [Tomcat] 
24-04-29 18:06:27.927 [restartedMain] INFO  o.a.catalina.core.StandardEngine - Starting Servlet engine: [Apache Tomcat/10.1.20] 
24-04-29 18:06:27.967 [restartedMain] INFO  o.a.c.c.C.[Tomcat].[localhost].[/] - Initializing Spring embedded WebApplicationContext 
24-04-29 18:06:27.968 [restartedMain] INFO  o.s.b.w.s.c.ServletWebServerApplicationContext - Root WebApplicationContext: initialization completed in 1009 ms 
24-04-29 18:06:28.197 [restartedMain] INFO  org.mongodb.driver.client - MongoClient with metadata {"application": {"name": "Cluster0"}, "driver": {"name": "mongo-java-driver|sync|spring-boot", "version": "4.11.2"}, "os": {"type": "Windows", "name": "Windows 11", "architecture": "amd64", "version": "10.0"}, "platform": "Java/Oracle Corporation/21.0.2+13-LTS-58"} created with settings MongoClientSettings{readPreference=primary, writeConcern=WriteConcern{w=majority, wTimeout=null ms, journal=null}, retryWrites=true, retryReads=true, readConcern=ReadConcern{level=null}, credential=MongoCredential{mechanism=null, userName='anadimishra234', source='admin', password=<hidden>, mechanismProperties=<hidden>}, transportSettings=null, streamFactoryFactory=null, commandListeners=[], codecRegistry=ProvidersCodecRegistry{codecProviders=[ValueCodecProvider{}, BsonValueCodecProvider{}, DBRefCodecProvider{}, DBObjectCodecProvider{}, DocumentCodecProvider{}, CollectionCodecProvider{}, IterableCodecProvider{}, MapCodecProvider{}, GeoJsonCodecProvider{}, GridFSFileCodecProvider{}, Jsr310CodecProvider{}, JsonObjectCodecProvider{}, BsonCodecProvider{}, EnumCodecProvider{}, com.mongodb.client.model.mql.ExpressionCodecProvider@3d693ca6, com.mongodb.Jep395RecordCodecProvider@8824439, com.mongodb.KotlinCodecProvider@5a1f6ed8]}, loggerSettings=LoggerSettings{maxDocumentLength=1000}, clusterSettings={hosts=[127.0.0.1:27017], srvHost=cluster0.mf1onpl.mongodb.net, srvServiceName=mongodb, mode=MULTIPLE, requiredClusterType=REPLICA_SET, requiredReplicaSetName='atlas-2dzxpj-shard-0', serverSelector='null', clusterListeners='[]', serverSelectionTimeout='30000 ms', localThreshold='15 ms'}, socketSettings=SocketSettings{connectTimeoutMS=10000, readTimeoutMS=0, receiveBufferSize=0, proxySettings=ProxySettings{host=null, port=null, username=null, password=null}}, heartbeatSocketSettings=SocketSettings{connectTimeoutMS=10000, readTimeoutMS=10000, receiveBufferSize=0, proxySettings=ProxySettings{host=null, port=null, username=null, password=null}}, connectionPoolSettings=ConnectionPoolSettings{maxSize=100, minSize=0, maxWaitTimeMS=120000, maxConnectionLifeTimeMS=0, maxConnectionIdleTimeMS=0, maintenanceInitialDelayMS=0, maintenanceFrequencyMS=60000, connectionPoolListeners=[], maxConnecting=2}, serverSettings=ServerSettings{heartbeatFrequencyMS=10000, minHeartbeatFrequencyMS=500, serverListeners='[]', serverMonitorListeners='[]'}, sslSettings=SslSettings{enabled=true, invalidHostNameAllowed=false, context=null}, applicationName='Cluster0', compressorList=[], uuidRepresentation=JAVA_LEGACY, serverApi=null, autoEncryptionSettings=null, dnsClient=null, inetAddressResolver=null, contextProvider=null} 
24-04-29 18:06:28.255 [cluster-ClusterId{value='662f944c061b88454c830905', description='Cluster0'}-srv-cluster0.mf1onpl.mongodb.net] INFO  org.mongodb.driver.cluster - Adding discovered server ac-bowbcu3-shard-00-02.mf1onpl.mongodb.net:27017 to client view of cluster 
24-04-29 18:06:28.280 [cluster-ClusterId{value='662f944c061b88454c830905', description='Cluster0'}-srv-cluster0.mf1onpl.mongodb.net] INFO  org.mongodb.driver.cluster - Adding discovered server ac-bowbcu3-shard-00-00.mf1onpl.mongodb.net:27017 to client view of cluster 
24-04-29 18:06:28.287 [cluster-ClusterId{value='662f944c061b88454c830905', description='Cluster0'}-srv-cluster0.mf1onpl.mongodb.net] INFO  org.mongodb.driver.cluster - Adding discovered server ac-bowbcu3-shard-00-01.mf1onpl.mongodb.net:27017 to client view of cluster 
24-04-29 18:06:28.434 [restartedMain] INFO  o.s.b.d.a.OptionalLiveReloadServer - LiveReload server is running on port 35729 
24-04-29 18:06:28.773 [cluster-ClusterId{value='662f944c061b88454c830905', description='Cluster0'}-ac-bowbcu3-shard-00-02.mf1onpl.mongodb.net:27017] INFO  org.mongodb.driver.cluster - Monitor thread successfully connected to server with description ServerDescription{address=ac-bowbcu3-shard-00-02.mf1onpl.mongodb.net:27017, type=REPLICA_SET_SECONDARY, state=CONNECTED, ok=true, minWireVersion=0, maxWireVersion=21, maxDocumentSize=16777216, logicalSessionTimeoutMinutes=30, roundTripTimeNanos=267034500, setName='atlas-2dzxpj-shard-0', canonicalAddress=ac-bowbcu3-shard-00-02.mf1onpl.mongodb.net:27017, hosts=[ac-bowbcu3-shard-00-00.mf1onpl.mongodb.net:27017, ac-bowbcu3-shard-00-01.mf1onpl.mongodb.net:27017, ac-bowbcu3-shard-00-02.mf1onpl.mongodb.net:27017], passives=[], arbiters=[], primary='ac-bowbcu3-shard-00-01.mf1onpl.mongodb.net:27017', tagSet=TagSet{[Tag{name='availabilityZone', value='aps1-az2'}, Tag{name='diskState', value='READY'}, Tag{name='nodeType', value='ELECTABLE'}, Tag{name='provider', value='AWS'}, Tag{name='region', value='AP_SOUTH_1'}, Tag{name='workloadType', value='OPERATIONAL'}]}, electionId=null, setVersion=7, topologyVersion=TopologyVersion{processId=662b899e02ca32043f62ceeb, counter=3}, lastWriteDate=Mon Apr 29 18:06:28 IST 2024, lastUpdateTimeNanos=79937694602400} 
24-04-29 18:06:28.773 [cluster-ClusterId{value='662f944c061b88454c830905', description='Cluster0'}-ac-bowbcu3-shard-00-00.mf1onpl.mongodb.net:27017] INFO  org.mongodb.driver.cluster - Monitor thread successfully connected to server with description ServerDescription{address=ac-bowbcu3-shard-00-00.mf1onpl.mongodb.net:27017, type=REPLICA_SET_SECONDARY, state=CONNECTED, ok=true, minWireVersion=0, maxWireVersion=21, maxDocumentSize=16777216, logicalSessionTimeoutMinutes=30, roundTripTimeNanos=253171600, setName='atlas-2dzxpj-shard-0', canonicalAddress=ac-bowbcu3-shard-00-00.mf1onpl.mongodb.net:27017, hosts=[ac-bowbcu3-shard-00-00.mf1onpl.mongodb.net:27017, ac-bowbcu3-shard-00-01.mf1onpl.mongodb.net:27017, ac-bowbcu3-shard-00-02.mf1onpl.mongodb.net:27017], passives=[], arbiters=[], primary='ac-bowbcu3-shard-00-01.mf1onpl.mongodb.net:27017', tagSet=TagSet{[Tag{name='availabilityZone', value='aps1-az1'}, Tag{name='diskState', value='READY'}, Tag{name='nodeType', value='ELECTABLE'}, Tag{name='provider', value='AWS'}, Tag{name='region', value='AP_SOUTH_1'}, Tag{name='workloadType', value='OPERATIONAL'}]}, electionId=null, setVersion=7, topologyVersion=TopologyVersion{processId=662b814f7582bf18b82a391d, counter=4}, lastWriteDate=Mon Apr 29 18:06:28 IST 2024, lastUpdateTimeNanos=79937694602400} 
24-04-29 18:06:28.787 [cluster-ClusterId{value='662f944c061b88454c830905', description='Cluster0'}-ac-bowbcu3-shard-00-01.mf1onpl.mongodb.net:27017] INFO  org.mongodb.driver.cluster - Monitor thread successfully connected to server with description ServerDescription{address=ac-bowbcu3-shard-00-01.mf1onpl.mongodb.net:27017, type=REPLICA_SET_PRIMARY, state=CONNECTED, ok=true, minWireVersion=0, maxWireVersion=21, maxDocumentSize=16777216, logicalSessionTimeoutMinutes=30, roundTripTimeNanos=145670300, setName='atlas-2dzxpj-shard-0', canonicalAddress=ac-bowbcu3-shard-00-01.mf1onpl.mongodb.net:27017, hosts=[ac-bowbcu3-shard-00-00.mf1onpl.mongodb.net:27017, ac-bowbcu3-shard-00-01.mf1onpl.mongodb.net:27017, ac-bowbcu3-shard-00-02.mf1onpl.mongodb.net:27017], passives=[], arbiters=[], primary='ac-bowbcu3-shard-00-01.mf1onpl.mongodb.net:27017', tagSet=TagSet{[Tag{name='availabilityZone', value='aps1-az3'}, Tag{name='diskState', value='READY'}, Tag{name='nodeType', value='ELECTABLE'}, Tag{name='provider', value='AWS'}, Tag{name='region', value='AP_SOUTH_1'}, Tag{name='workloadType', value='OPERATIONAL'}]}, electionId=7fffffff0000000000000008, setVersion=7, topologyVersion=TopologyVersion{processId=662b79babcb34a024bc5cc90, counter=12}, lastWriteDate=Mon Apr 29 18:06:28 IST 2024, lastUpdateTimeNanos=79937709465100} 
24-04-29 18:06:28.788 [cluster-ClusterId{value='662f944c061b88454c830905', description='Cluster0'}-ac-bowbcu3-shard-00-01.mf1onpl.mongodb.net:27017] INFO  org.mongodb.driver.cluster - Discovered replica set primary ac-bowbcu3-shard-00-01.mf1onpl.mongodb.net:27017 with max election id 7fffffff0000000000000008 and max set version 7 
24-04-29 18:06:28.857 [restartedMain] INFO  o.s.s.web.DefaultSecurityFilterChain - Will secure any request with [org.springframework.security.web.session.DisableEncodeUrlFilter@b44db38, org.springframework.security.web.context.request.async.WebAsyncManagerIntegrationFilter@7411d92e, org.springframework.security.web.context.SecurityContextHolderFilter@7378073a, org.springframework.security.web.header.HeaderWriterFilter@2a767152, org.springframework.web.filter.CorsFilter@7b11c28a, org.springframework.security.web.authentication.logout.LogoutFilter@2a970d09, org.springframework.security.web.authentication.www.BasicAuthenticationFilter@7f200147, org.springframework.security.web.savedrequest.RequestCacheAwareFilter@701cab36, org.springframework.security.web.servletapi.SecurityContextHolderAwareRequestFilter@6cdf65df, org.springframework.security.web.authentication.AnonymousAuthenticationFilter@3eb543a7, org.springframework.security.web.session.SessionManagementFilter@729c1d9d, org.springframework.security.web.access.ExceptionTranslationFilter@52c33ce0, org.springframework.security.web.access.intercept.AuthorizationFilter@7071bb2d] 
24-04-29 18:06:29.021 [restartedMain] INFO  o.a.coyote.http11.Http11NioProtocol - Starting ProtocolHandler ["http-nio-8080"] 
24-04-29 18:06:29.029 [restartedMain] INFO  o.s.b.w.e.tomcat.TomcatWebServer - Tomcat started on port 8080 (http) with context path '' 
24-04-29 18:06:29.038 [restartedMain] INFO  c.demo.journalapp.JournalApplication - Started JournalApplication in 2.485 seconds (process running for 3.252) 
24-04-29 18:06:41.179 [scheduling-1] ERROR c.d.journalapp.service.EmailService - Exception while sending email 
org.springframework.mail.MailSendException: Mail server connection failed. Failed messages: jakarta.mail.MessagingException: Got bad greeting from SMTP host: smtp.gmail.com, port: 465, response: [EOF]
	at org.springframework.mail.javamail.JavaMailSenderImpl.doSend(JavaMailSenderImpl.java:410)
	at org.springframework.mail.javamail.JavaMailSenderImpl.send(JavaMailSenderImpl.java:317)
	at org.springframework.mail.MailSender.send(MailSender.java:42)
	at com.demo.journalapp.service.EmailService.sendEmail(EmailService.java:25)
	at com.demo.journalapp.scheduler.MailSchedulerForGreeting.sendMailToUser(MailSchedulerForGreeting.java:26)
	at java.base/jdk.internal.reflect.DirectMethodHandleAccessor.invoke(DirectMethodHandleAccessor.java:103)
	at java.base/java.lang.reflect.Method.invoke(Method.java:580)
	at org.springframework.scheduling.support.ScheduledMethodRunnable.runInternal(ScheduledMethodRunnable.java:130)
	at org.springframework.scheduling.support.ScheduledMethodRunnable.lambda$run$2(ScheduledMethodRunnable.java:124)
	at io.micrometer.observation.Observation.observe(Observation.java:499)
	at org.springframework.scheduling.support.ScheduledMethodRunnable.run(ScheduledMethodRunnable.java:124)
	at org.springframework.scheduling.support.DelegatingErrorHandlingRunnable.run(DelegatingErrorHandlingRunnable.java:54)
	at org.springframework.scheduling.concurrent.ReschedulingRunnable.run(ReschedulingRunnable.java:96)
	at java.base/java.util.concurrent.Executors$RunnableAdapter.call(Executors.java:572)
	at java.base/java.util.concurrent.FutureTask.run(FutureTask.java:317)
	at java.base/java.util.concurrent.ScheduledThreadPoolExecutor$ScheduledFutureTask.run(ScheduledThreadPoolExecutor.java:304)
	at java.base/java.util.concurrent.ThreadPoolExecutor.runWorker(ThreadPoolExecutor.java:1144)
	at java.base/java.util.concurrent.ThreadPoolExecutor$Worker.run(ThreadPoolExecutor.java:642)
	at java.base/java.lang.Thread.run(Thread.java:1583)
Caused by: jakarta.mail.MessagingException: Got bad greeting from SMTP host: smtp.gmail.com, port: 465, response: [EOF]
	at org.eclipse.angus.mail.smtp.SMTPTransport.openServer(SMTPTransport.java:2231)
	at org.eclipse.angus.mail.smtp.SMTPTransport.protocolConnect(SMTPTransport.java:729)
	at jakarta.mail.Service.connect(Service.java:345)
	at org.springframework.mail.javamail.JavaMailSenderImpl.connectTransport(JavaMailSenderImpl.java:480)
	at org.springframework.mail.javamail.JavaMailSenderImpl.doSend(JavaMailSenderImpl.java:399)
	... 18 common frames omitted
24-04-29 18:06:53.004 [scheduling-1] ERROR c.d.journalapp.service.EmailService - Exception while sending email 
org.springframework.mail.MailSendException: Mail server connection failed. Failed messages: jakarta.mail.MessagingException: Got bad greeting from SMTP host: smtp.gmail.com, port: 465, response: [EOF]
	at org.springframework.mail.javamail.JavaMailSenderImpl.doSend(JavaMailSenderImpl.java:410)
	at org.springframework.mail.javamail.JavaMailSenderImpl.send(JavaMailSenderImpl.java:317)
	at org.springframework.mail.MailSender.send(MailSender.java:42)
	at com.demo.journalapp.service.EmailService.sendEmail(EmailService.java:25)
	at com.demo.journalapp.scheduler.MailSchedulerForGreeting.sendMailToUser(MailSchedulerForGreeting.java:26)
	at java.base/jdk.internal.reflect.DirectMethodHandleAccessor.invoke(DirectMethodHandleAccessor.java:103)
	at java.base/java.lang.reflect.Method.invoke(Method.java:580)
	at org.springframework.scheduling.support.ScheduledMethodRunnable.runInternal(ScheduledMethodRunnable.java:130)
	at org.springframework.scheduling.support.ScheduledMethodRunnable.lambda$run$2(ScheduledMethodRunnable.java:124)
	at io.micrometer.observation.Observation.observe(Observation.java:499)
	at org.springframework.scheduling.support.ScheduledMethodRunnable.run(ScheduledMethodRunnable.java:124)
	at org.springframework.scheduling.support.DelegatingErrorHandlingRunnable.run(DelegatingErrorHandlingRunnable.java:54)
	at org.springframework.scheduling.concurrent.ReschedulingRunnable.run(ReschedulingRunnable.java:96)
	at java.base/java.util.concurrent.Executors$RunnableAdapter.call(Executors.java:572)
	at java.base/java.util.concurrent.FutureTask.run(FutureTask.java:317)
	at java.base/java.util.concurrent.ScheduledThreadPoolExecutor$ScheduledFutureTask.run(ScheduledThreadPoolExecutor.java:304)
	at java.base/java.util.concurrent.ThreadPoolExecutor.runWorker(ThreadPoolExecutor.java:1144)
	at java.base/java.util.concurrent.ThreadPoolExecutor$Worker.run(ThreadPoolExecutor.java:642)
	at java.base/java.lang.Thread.run(Thread.java:1583)
Caused by: jakarta.mail.MessagingException: Got bad greeting from SMTP host: smtp.gmail.com, port: 465, response: [EOF]
	at org.eclipse.angus.mail.smtp.SMTPTransport.openServer(SMTPTransport.java:2231)
	at org.eclipse.angus.mail.smtp.SMTPTransport.protocolConnect(SMTPTransport.java:729)
	at jakarta.mail.Service.connect(Service.java:345)
	at org.springframework.mail.javamail.JavaMailSenderImpl.connectTransport(JavaMailSenderImpl.java:480)
	at org.springframework.mail.javamail.JavaMailSenderImpl.doSend(JavaMailSenderImpl.java:399)
	... 18 common frames omitted
